<?xml version="1.0" encoding="UTF-8"?>
<!-- Generated by org.testng.reporters.JUnitReportReporter -->
<testsuite hostname="LAPTOP-9IFD2125" failures="0" tests="1" name="restassuredtests.Demo1_GetRequestTest" time="3.125" errors="0" timestamp="2025-07-04T00:08:10 GMT-04:00" skipped="0">
  <testcase classname="restassuredtests.Demo1_GetRequestTest" name="testGetUsers" time="3.125"/>
</testsuite> <!-- restassuredtests.Demo1_GetRequestTest -->
