<?xml version="1.0" encoding="UTF-8"?>
<!-- Generated by org.testng.reporters.JUnitReportReporter -->
<testsuite hostname="LAPTOP-9IFD2125" failures="0" tests="1" name="restassuredtests.Demo4_DeleteRequestTest" time="0.173" errors="0" timestamp="2025-07-04T23:54:53 GMT-04:00" skipped="0">
  <testcase classname="restassuredtests.Demo4_DeleteRequestTest" name="DeletePost" time="0.173"/>
</testsuite> <!-- restassuredtests.Demo4_DeleteRequestTest -->
