<?xml version="1.0" encoding="UTF-8"?>
<!-- Generated by org.testng.reporters.JUnitReportReporter -->
<testsuite hostname="LAPTOP-9IFD2125" failures="0" tests="1" name="restassuredtests.Demo3_PUTRequestTest" time="0.172" errors="0" timestamp="2025-07-04T23:54:53 GMT-04:00" skipped="0">
  <testcase classname="restassuredtests.Demo3_PUTRequestTest" name="testCreateUser" time="0.172"/>
</testsuite> <!-- restassuredtests.Demo3_PUTRequestTest -->
