<?xml version="1.0" encoding="UTF-8"?>
<!-- Generated by org.testng.reporters.JUnitReportReporter -->
<testsuite hostname="LAPTOP-9IFD2125" failures="0" tests="1" name="restassuredtests.Demo2_PostRequestTest" time="0.430" errors="0" timestamp="2025-07-06T18:25:57 GMT-04:00" skipped="0">
  <testcase classname="restassuredtests.Demo2_PostRequestTest" name="testCreateUser" time="0.430"/>
</testsuite> <!-- restassuredtests.Demo2_PostRequestTest -->
